This file contains any messages produced by compilers while
running configure, to aid debugging if configure makes a mistake.

It was created by snake_worker configure 1.0, which was
generated by GNU Autoconf 2.68.  Invocation command line was

  $ ./configure 

## --------- ##
## Platform. ##
## --------- ##

hostname = denny-Vostro-1014
uname -m = x86_64
uname -r = 3.2.0-37-generic
uname -s = Linux
uname -v = #58-Ubuntu SMP Thu Jan 24 15:28:10 UTC 2013

/usr/bin/uname -p = unknown
/bin/uname -X     = unknown

/bin/arch              = unknown
/usr/bin/arch -k       = unknown
/usr/convex/getsysinfo = unknown
/usr/bin/hostinfo      = unknown
/bin/machine           = unknown
/usr/bin/oslevel       = unknown
/bin/universe          = unknown

PATH: /usr/lib/lightdm/lightdm
PATH: /usr/local/sbin
PATH: /usr/local/bin
PATH: /usr/sbin
PATH: /usr/bin
PATH: /sbin
PATH: /bin
PATH: /usr/games


## ----------- ##
## Core tests. ##
## ----------- ##

configure:1773: checking build system type
configure:1787: result: x86_64-unknown-linux-gnu
configure:1807: checking host system type
configure:1820: result: x86_64-unknown-linux-gnu
configure:1840: checking target system type
configure:1853: result: x86_64-unknown-linux-gnu
configure:1936: checking for gcc
configure:1952: found /usr/bin/gcc
configure:1963: result: gcc
configure:2192: checking for C compiler version
configure:2201: gcc --version >&5
gcc (Ubuntu/Linaro 4.6.3-1ubuntu5) 4.6.3
Copyright (C) 2011 Free Software Foundation, Inc.
This is free software; see the source for copying conditions.  There is NO
warranty; not even for MERCHANTABILITY or FITNESS FOR A PARTICULAR PURPOSE.

configure:2212: $? = 0
configure:2201: gcc -v >&5
Using built-in specs.
COLLECT_GCC=gcc
COLLECT_LTO_WRAPPER=/usr/lib/gcc/x86_64-linux-gnu/4.6/lto-wrapper
Target: x86_64-linux-gnu
Configured with: ../src/configure -v --with-pkgversion='Ubuntu/Linaro 4.6.3-1ubuntu5' --with-bugurl=file:///usr/share/doc/gcc-4.6/README.Bugs --enable-languages=c,c++,fortran,objc,obj-c++ --prefix=/usr --program-suffix=-4.6 --enable-shared --enable-linker-build-id --with-system-zlib --libexecdir=/usr/lib --without-included-gettext --enable-threads=posix --with-gxx-include-dir=/usr/include/c++/4.6 --libdir=/usr/lib --enable-nls --with-sysroot=/ --enable-clocale=gnu --enable-libstdcxx-debug --enable-libstdcxx-time=yes --enable-gnu-unique-object --enable-plugin --enable-objc-gc --disable-werror --with-arch-32=i686 --with-tune=generic --enable-checking=release --build=x86_64-linux-gnu --host=x86_64-linux-gnu --target=x86_64-linux-gnu
Thread model: posix
gcc version 4.6.3 (Ubuntu/Linaro 4.6.3-1ubuntu5) 
configure:2212: $? = 0
configure:2201: gcc -V >&5
gcc: error: unrecognized option '-V'
gcc: fatal error: no input files
compilation terminated.
configure:2212: $? = 4
configure:2201: gcc -qversion >&5
gcc: error: unrecognized option '-qversion'
gcc: fatal error: no input files
compilation terminated.
configure:2212: $? = 4
configure:2232: checking whether the C compiler works
configure:2254: gcc    conftest.c  >&5
configure:2258: $? = 0
configure:2306: result: yes
configure:2309: checking for C compiler default output file name
configure:2311: result: a.out
configure:2317: checking for suffix of executables
configure:2324: gcc -o conftest    conftest.c  >&5
configure:2328: $? = 0
configure:2350: result: 
configure:2372: checking whether we are cross compiling
configure:2380: gcc -o conftest    conftest.c  >&5
configure:2384: $? = 0
configure:2391: ./conftest
configure:2395: $? = 0
configure:2410: result: no
configure:2415: checking for suffix of object files
configure:2437: gcc -c   conftest.c >&5
configure:2441: $? = 0
configure:2462: result: o
configure:2466: checking whether we are using the GNU C compiler
configure:2485: gcc -c   conftest.c >&5
configure:2485: $? = 0
configure:2494: result: yes
configure:2503: checking whether gcc accepts -g
configure:2523: gcc -c -g  conftest.c >&5
configure:2523: $? = 0
configure:2564: result: yes
configure:2581: checking for gcc option to accept ISO C89
configure:2645: gcc  -c -g -O2  conftest.c >&5
configure:2645: $? = 0
configure:2658: result: none needed
configure:2692: checking for a BSD-compatible install
configure:2760: result: /usr/bin/install -c
configure:2922: creating ./config.status

## ---------------------- ##
## Running config.status. ##
## ---------------------- ##

This file was extended by snake_worker config.status 1.0, which was
generated by GNU Autoconf 2.68.  Invocation command line was

  CONFIG_FILES    = 
  CONFIG_HEADERS  = 
  CONFIG_LINKS    = 
  CONFIG_COMMANDS = 
  $ ./config.status 

on denny-Vostro-1014

config.status:750: creating Makefile
config.status:750: creating snake_workerctl
config.status:750: creating snake_workerd

## ---------------- ##
## Cache variables. ##
## ---------------- ##

ac_cv_build=x86_64-unknown-linux-gnu
ac_cv_c_compiler_gnu=yes
ac_cv_env_CC_set=
ac_cv_env_CC_value=
ac_cv_env_CFLAGS_set=
ac_cv_env_CFLAGS_value=
ac_cv_env_CPPFLAGS_set=
ac_cv_env_CPPFLAGS_value=
ac_cv_env_LDFLAGS_set=
ac_cv_env_LDFLAGS_value=
ac_cv_env_LIBS_set=
ac_cv_env_LIBS_value=
ac_cv_env_build_alias_set=
ac_cv_env_build_alias_value=
ac_cv_env_host_alias_set=
ac_cv_env_host_alias_value=
ac_cv_env_target_alias_set=
ac_cv_env_target_alias_value=
ac_cv_host=x86_64-unknown-linux-gnu
ac_cv_objext=o
ac_cv_path_install='/usr/bin/install -c'
ac_cv_prog_ac_ct_CC=gcc
ac_cv_prog_cc_c89=
ac_cv_prog_cc_g=yes
ac_cv_target=x86_64-unknown-linux-gnu

## ----------------- ##
## Output variables. ##
## ----------------- ##

CC='gcc'
CFLAGS='-g -O2'
CPPFLAGS=''
DEFS='-DPACKAGE_NAME=\"snake_worker\" -DPACKAGE_TARNAME=\"snake_worker\" -DPACKAGE_VERSION=\"1.0\" -DPACKAGE_STRING=\"snake_worker\ 1.0\" -DPACKAGE_BUGREPORT=\"markfilebat@126.com\" -DPACKAGE_URL=\"\" -DCPU_VENDOR_OS=\"x86_64-unknown-linux-gnu\"'
ECHO_C=''
ECHO_N='-n'
ECHO_T=''
EXEEXT=''
INSTALL_DATA='${INSTALL} -m 644'
INSTALL_PROGRAM='${INSTALL}'
INSTALL_SCRIPT='${INSTALL}'
LDFLAGS=''
LIBOBJS=''
LIBS=''
LTLIBOBJS=''
OBJEXT='o'
PACKAGE_BUGREPORT='markfilebat@126.com'
PACKAGE_NAME='snake_worker'
PACKAGE_STRING='snake_worker 1.0'
PACKAGE_TARNAME='snake_worker'
PACKAGE_URL=''
PACKAGE_VERSION='1.0'
PATH_SEPARATOR=':'
SHELL='/bin/bash'
ac_ct_CC='gcc'
bindir='${exec_prefix}/bin'
build='x86_64-unknown-linux-gnu'
build_alias=''
build_cpu='x86_64'
build_os='linux-gnu'
build_vendor='unknown'
config_args=''
datadir='${datarootdir}'
datarootdir='${prefix}/share'
docdir='${datarootdir}/doc/${PACKAGE_TARNAME}'
dvidir='${docdir}'
exec_prefix='${prefix}'
host='x86_64-unknown-linux-gnu'
host_alias=''
host_cpu='x86_64'
host_os='linux-gnu'
host_vendor='unknown'
htmldir='${docdir}'
includedir='${prefix}/include'
infodir='${datarootdir}/info'
libdir='${exec_prefix}/lib'
libexecdir='${exec_prefix}/libexec'
localedir='${datarootdir}/locale'
localstatedir='${prefix}/var'
mandir='${datarootdir}/man'
oldincludedir='/usr/include'
pdfdir='${docdir}'
prefix='/usr/local/'
program_transform_name='s,x,x,'
psdir='${docdir}'
sbindir='${exec_prefix}/sbin'
sharedstatedir='${prefix}/com'
sysconfdir='${prefix}/etc'
target='x86_64-unknown-linux-gnu'
target_alias=''
target_cpu='x86_64'
target_os='linux-gnu'
target_vendor='unknown'

## ----------- ##
## confdefs.h. ##
## ----------- ##

/* confdefs.h */
#define PACKAGE_NAME "snake_worker"
#define PACKAGE_TARNAME "snake_worker"
#define PACKAGE_VERSION "1.0"
#define PACKAGE_STRING "snake_worker 1.0"
#define PACKAGE_BUGREPORT "markfilebat@126.com"
#define PACKAGE_URL ""
#define CPU_VENDOR_OS "x86_64-unknown-linux-gnu"

configure: exit 0
