0f0c148affd1f9bb32d75dc8f9f406ca concept tag votedown
3de236eb535053ed9fd1f7067d47f565 product tag votedown
54a6062e51d2a2713ac35516824006b3 product tag voteup
142632a234ecca10b218018e6664107c product tag votedown
2069b1ffc8eb56eba0abac1fabf60e89 product tag voteup
301ac68fec7d205b5ea87ea28d30685b product tag votedown
2332d9cc7e9c286b336b8fd7dc388ded product tag voteup
0e3112cac2aff95bd5cc9a0cac13f7ae cloud tag votedown
579762919acb3a5d2d4bcf8d7120b3de cloud tag votedown
133a27776fef72e0781b384090032c0e concept tag votedown
6ae3a77bfc11a9b160ab7ca81f77f49f concept tag votedown
204db3064a11422fa49461dc0fd8f9ec product tag voteup
6742074d0b976f22d0982bc9e9e6750a product tag votedown
34540d5b9999808e0d88947a13ee7aec product tag votedown
29576956818b8cf10bd02313b1779f5d product tag voteup
0450ef5d90af06dfe2b26b176d3c0dc8 product tag voteup
15d7de8841639561458bf6e9de7ec14f product tag votedown
50f8b4581573f6a6e32c86e9b5db9c11 product tag votedown
5e4f02f34aee950bdbe24d0524897f42 product tag voteup
24bdd9d89f340a8f8385fde2f1e5ba98 product tag voteup
6351a5ccd411366db9e33e8404ce1823 product tag votedown
49e7bc125ccbe34387fbf42c74e72a04 product tag votedown
5140ca6065f2eedffce423601ca208a3 product tag voteup
0f882e9c9882346b55f66ee7ac0d5a43 product tag votedown
6956af90c559aed2efdaa6fd95f43792 product tag votedown
5d12d624053aedf68702bfad0be18a1e product tag voteup
09b9d6bb6e1aab077dcb6d73d1deacdc product tag votedown
1ecb7852c3e12b901ecff983c396d5cc product tag voteup
0aee62df20794927279cfa358eb956d2 product tag votedown
0945cafc0ffca8a05874cfb74573ee88 product tag voteup
1288262870814df4dc33f9cafba838a6 product tag votedown
63f7df9dd033b79eb1ddca34ecfcb0ea product tag votedown
5c5f65338e06e6795a0fbc29c96521c5 product tag voteup
2c9f43909d6c9e22d7d6b0b72ad7529e product tag votedown
3a038bf1d10caae393ec765dddf986c0 product tag votedown
1afb02292810e52cbc4a5facb530c2c8 product tag voteup
37ed146ef03852a973aa14a27d1fdf4a product tag votedown
42169af8afcb62547839ebd5279d86ee product tag votedown
6b04d88805e9192601f8bc035c63244b product tag votedown
215749b0b3b3d57c97e2c12e06b70e09 product tag votedown
0f04f5dcb52666ca3ffea76e1ad12746 product tag voteup
0ec59e24bd8876a031dc07676111bd06 product tag votedown
1e7a3e768587e18eeb2d8d9c1382abe1 product tag voteup
50e35dd8887973dd93b967884d72f39e product tag votedown
6742c5eb30b6adcd955c9f0ef9cc73f9 cloud tag voteup
d8950bba0962f063ac1f5d09587116ff cloud tag votedown
8de90027130bcda1a116ec982fc21407 concept tag voteup
814f11d099b59482f420cfa73c144037 concept tag votedown
32ab96d36e482277937804035575ae4d product tag votedown
44ba9826d52604cc19bcc6aff85e57d9 product tag voteup
58c6fc3ebeccf103f739726b696627cb product tag votedown
089926306d836a712618b32b60a06632 product tag votedown
5c52c6c6c742233d9b9a276e70569fa2 product tag votedown
0747ded1d3fe4d7b27cbfc2a7f050c4b product tag voteup
5104033a557e3c3f166a0ddab755b55b product tag voteup
1412d1c2b6941953322c73c1e6533986 product tag voteup
497d94891a0e60ecd3df9cbeffce7219 product tag votedown
22aa94641e71d613ab13b855ff225761 product tag votedown
2a9745e13da54f6786ee60579fed2720 product tag votedown
9158bcf93c62e533342b3848dc6c1053 product tag votedown
7fd33fdd5b5b3d7ad4a3b3762f7ac878 cloud tag voteup
2ad1f78c8875d7719d5da0302d1cc884 cloud tag votedown
ca863716f46076b40bc42e1e4ed7a097 cloud tag voteup
e59d0d5bbef4d706f4933a5d37c9ca9d cloud tag votedown
832ea182bce881fe5d1fa84329d4c0e9 cloud tag voteup
37ef6a2450963688c18dd3b0680f2972 cloud tag voteup
3c97f24e69980749cc0cc330969dc5e9 cloud tag votedown
14f7f001c12e13401e4073f3d5a47728 concept tag votedown
a368e5aa0d60b4a25480c0c252291577 concept tag voteup
109de64c15a745b833cd0a5aa87b3e7c concept tag voteup
49ee48510ab739b0f948ee3e702d1495 product tag votedown
621f0db6711a308bb7b284c43034eb53 product tag voteup
0c27176688cd16dbc9d9b6accf450610 product tag voteup
6f4c0e36139882532e7e2573031ed12a product tag votedown
74ccc9487814e3c75e3cad90549bc253 product tag votedown
de905182cc30862927d021c6a90d1f6e concept tag votedown
6e77440f46891f5f2e7039460275287a concept tag votedown
0984cf608ff1f3987c800ac113eb03b3 concept tag votedown
810f351e3594be7446cce98c302d2c6b concept tag votedown
de905182cc30862927d021c6a90d1f6e concept tag votedown
d9887ee9d621e75fd90800bc20137815 concept tag voteup
6e77440f46891f5f2e7039460275287a concept tag votedown
0f58a47937bc72cd4251e1b13f0dae3d product tag votedown
3a8a8976a7d663bb30e79c7095f7f487 product tag votedown
3503eb71f3df5b7d799b3102699c3bf8 product tag votedown
3bdfd370696624ad716ee74b10a7f856 product tag votedown
b885b164909a68a27f92a058c226fd97 product tag voteup
473e45290551a6a51f810c91b3c9c7e5 product tag voteup
48a0a7e488e0bb2e9fdd2c0cbc6e1949 cloud tag voteup
8ef5ebe31e4647361dd7b5bd93605073 cloud tag voteup
59200fd5528052d91cf61b7ad319f6b7 concept tag votedown
50dac45d6aa92610077c576f1fbe3710 concept tag votedown
a1106f33e7af2f5c88854c2e1a8f4d44 concept tag votedown
59200fd5528052d91cf61b7ad319f6b7 concept tag votedown
16fb13685aa68cf99444650609991d6e concept tag votedown
9f38a2d3e966fc10127048b7bf1177da concept tag voteup
046fb49e8c0f557b441feb38dd29ee38 cloud tag votedown
3a7225dda61d1957d52f2b392206fba7 cloud tag votedown
d452ba12f3641d80f20fea17f603878a cloud tag voteup
f94dace0eb07927f0faf210e3afcc0d7 cloud tag voteup
60837d7f543e8b11a578e995e5a4ff39 cloud tag voteup
6aa0ef8662f99bedad036d37e2394bf9 cloud tag voteup
749d692375d301628dd38843bd1944b8 cloud tag voteup
749d692375d301628dd38843bd1944b8 cloud tag voteup
034e929d25a334966bd34c9bf130800a product tag votedown
034e929d25a334966bd34c9bf130800a product tag votedown
526378c2c50179d2b2e452205d5ea754 concept tag votedown
c88bd0c77f12daa54b8309665538477b concept tag voteup
b85aaa8f3de86df284fcf963c4a0012a cloud tag voteup
fdce06044a839c40df0ca5cb79ff3c00 concept tag voteup
8b425c921fccbbbd51a232aa9387b5e2 concept tag voteup
503a793a37370a7c938c8cd9d2518102 concept tag voteup
7279c1aacd9b75814dfbc3a23b1164c8 concept tag voteup
08a8f9a1446698b868eda4f8b53b902d concept tag voteup
c5279341dadf9bfea480f511a9ebcefb concept tag voteup
ba49f1095cd18a161254e8b4c36f9af4 concept tag votedown
ba49f1095cd18a161254e8b4c36f9af4 concept tag voteup
2be80e037308e1368c7dce16632548e2 concept tag votedown
2be80e037308e1368c7dce16632548e2 concept tag voteup
2be80e037308e1368c7dce16632548e2 concept tag voteup
2be80e037308e1368c7dce16632548e2 concept tag votedown
2be80e037308e1368c7dce16632548e2 concept tag votedown
2be80e037308e1368c7dce16632548e2 concept tag voteup
2be80e037308e1368c7dce16632548e2 concept tag votedown
2be80e037308e1368c7dce16632548e2 concept tag voteup
2be80e037308e1368c7dce16632548e2 concept tag voteup
2be80e037308e1368c7dce16632548e2 concept tag voteup
018cbb4afc625bfd137d654452b0571d concept tag voteup
018cbb4afc625bfd137d654452b0571d concept tag votedown
018cbb4afc625bfd137d654452b0571d concept tag voteup
018cbb4afc625bfd137d654452b0571d concept tag votedown
018cbb4afc625bfd137d654452b0571d concept tag voteup
018cbb4afc625bfd137d654452b0571d concept tag votedown
018cbb4afc625bfd137d654452b0571d concept tag votedown
018cbb4afc625bfd137d654452b0571d concept tag voteup
018cbb4afc625bfd137d654452b0571d concept tag votedown
018cbb4afc625bfd137d654452b0571d concept tag voteup
018cbb4afc625bfd137d654452b0571d concept tag voteup
018cbb4afc625bfd137d654452b0571d concept tag votedown
018cbb4afc625bfd137d654452b0571d concept tag voteup
018cbb4afc625bfd137d654452b0571d concept tag voteup
018cbb4afc625bfd137d654452b0571d concept tag voteup
018cbb4afc625bfd137d654452b0571d concept tag votedown
018cbb4afc625bfd137d654452b0571d concept tag votedown
018cbb4afc625bfd137d654452b0571d concept tag votedown
018cbb4afc625bfd137d654452b0571d concept tag votedown
018cbb4afc625bfd137d654452b0571d concept tag votedown
018cbb4afc625bfd137d654452b0571d concept tag votedown
018cbb4afc625bfd137d654452b0571d concept tag voteup
018cbb4afc625bfd137d654452b0571d concept tag voteup
018cbb4afc625bfd137d654452b0571d concept tag votedown
018cbb4afc625bfd137d654452b0571d concept tag voteup
018cbb4afc625bfd137d654452b0571d concept tag voteup
018cbb4afc625bfd137d654452b0571d concept tag votedown
018cbb4afc625bfd137d654452b0571d concept tag voteup
018cbb4afc625bfd137d654452b0571d concept tag votedown
018cbb4afc625bfd137d654452b0571d concept tag voteup
018cbb4afc625bfd137d654452b0571d concept tag votedown
018cbb4afc625bfd137d654452b0571d concept tag voteup
018cbb4afc625bfd137d654452b0571d concept tag votedown
ef6f43284ca8647664c57a18982002c6 concept tag voteup
ef6f43284ca8647664c57a18982002c6 concept tag voteup
ef6f43284ca8647664c57a18982002c6 concept tag voteup
ef6f43284ca8647664c57a18982002c6 concept tag voteup
ef6f43284ca8647664c57a18982002c6 concept tag votedown
ef6f43284ca8647664c57a18982002c6 concept tag voteup
ef6f43284ca8647664c57a18982002c6 concept tag votedown
e6c00921cff3532a14557b3de10d27c3 concept tag voteup
2be80e037308e1368c7dce16632548e2 concept tag votedown
0390ecc5fd7419afca30b318d199f67d product tag votedown
22968191d4a0a0ab81ac097eeca33ba3 product tag voteup
beca34592272ecd6b501eb11aac928df product tag voteup
beca34592272ecd6b501eb11aac928df product tag voteup
beca34592272ecd6b501eb11aac928df product tag voteup
5bb0b047b22deb66348c37ae97b005bf product tag voteup
09814e1559d9e8ccc92ea02170363f9c product tag voteup
ef6f43284ca8647664c57a18982002c6 concept tag voteup
cdd4936505f46a41a992db5c6eee14ea concept tag votedown
e8e75a850cbaef29d898b7741a141c2b concept tag votedown
c0288330f01ce3a26bb9deca61c5153a concept tag votedown
bce737734af48d7ef5fcea2f369beeaf concept tag voteup
dc7662df23e13bb4c7b5645088ef4548 concept tag votedown
fb5c7fe54e8f7619fde5b9cef493bfaf concept tag voteup
52bc6fe40b539240c1e8198ab7373160 concept tag voteup
75db9f475dd605b198920b8be139129b concept tag voteup
947f343a0815233465c7dbcd067aba1d concept tag votedown
1a409ac993e6f4bcc8400c3fff21ecbc concept tag voteup
337b1242a3350629455cdea4491bfb73 concept tag votedown
bf7a467d0397606006f6264e45868232 concept tag voteup
8fdfebb883d225604098cb27168a651c concept tag voteup
0be8eb22141a28e9c7037c318d47d479 concept tag voteup
f040c55cf5aecd6308e92647da2bbf7f concept tag voteup
b703d3c209bb32f73028ba87a2777d21 concept tag votedown
a923b9a4ee154521815f1073852a9120 concept tag votedown
27f9a3754e1a2d886c15dd438f5675e9 concept tag voteup
e0a6cfc100ac57afe0e1dd2e91fafbb2 concept tag votedown
51be72dba15ce554fc0fc3215c8f50a2 concept tag voteup
30477c5242db2e6cc7cfed473053baaf concept tag voteup
98aea80925ba3c2e6b686949ef9d6632 concept tag votedown
185019f2a85f1dce4f7b98eb51ff3de8 concept tag votedown
50600e4dddeab3decc0a1f5b488ca712 concept tag voteup
0f7aabe0740b8a5e471c9df1f7521252 concept tag voteup
8185cd17bcd7b9f42a8f4cdfb1f2852e concept tag voteup
463f86b1aa04ed2bd97f7f4439ee5c1b product tag voteup
6b9fe884ecbacac7937c3ebe6942943f product tag voteup
3dd2b629c89cc4c04448c54d914b55b3 product tag votedown
3a3c48fb06846215e799368720df7660 product tag voteup
4b64b61cff6d10d6d60236fea8316ace concept tag voteup
4b64b61cff6d10d6d60236fea8316ace concept tag votedown
2c1420566b8e607ffdd45dae50296dad product tag voteup
2c38f4973e54f084012e7063c07f83d0 product tag voteup
737417e9c8b0efc7a32810dfccc18e95 product tag votedown
9534f3b29af997906f66479c9216092e product tag voteup
14ecd8ab9effb3fb26ede5c46af7c186 product tag voteup
4878232fa0faa039718bead154f68d81 product tag votedown
4878232fa0faa039718bead154f68d81 product tag voteup
0dd472c997b678d2f13f869c2dab61a8 product tag voteup
0dd472c997b678d2f13f869c2dab61a8 product tag votedown
0b79663281340efe3db03a65e7381759 product tag votedown
5d3cd63c1cb1091433eb01cdbd094b18 product tag voteup
5d3cd63c1cb1091433eb01cdbd094b18 product tag voteup
5d3cd63c1cb1091433eb01cdbd094b18 product tag voteup
10e78148d932006cc680d8493ebb59ff product tag voteup
2d53025df3a2d111e24d34e5b215d0e4 product tag voteup
43d8d157724d2ab4a9e593eca00eff24 product tag votedown
06001e8bb0cf03aed2376d87cf53c10c product tag voteup
1bbef8c39dcbd3beb593485b08287013 cloud tag votedown
d08826ec672890cb22b161eff495b646 cloud tag votedown
1b10f67d49a458f65cd38961f8d2a6e5 security tag votedown
f557f84ee92dc0efee73d5ce45e16f96 security tag voteup
e67631fb55378cba7b96374a2324dc35 concept tag votedown
4cdf8e6bbcfee26bbd072053f86b3fe7 concept tag votedown
4cdf8e6bbcfee26bbd072053f86b3fe7 concept tag votedown
4cdf8e6bbcfee26bbd072053f86b3fe7 concept tag votedown
2b9ab5387eb708e5508ae98e1cd6d012 product tag voteup
113d231d238088606c3f444ce0c4dc80 product tag votedown
5f189c2c10f5c3c02f9787b874cca4f8 concept tag votedown
5e7921ba0d0e1b2ea349559c68f82992 product tag votedown
0355108c2759fa931db34d8d207927d1 concept tag votedown
0355108c2759fa931db34d8d207927d1 concept tag votedown
e69dac95c9ed0f1e14141786ae0f5195 concept tag votedown
ba96aefe32bbeadf2800a554bb206b80 concept tag votedown
ba96aefe32bbeadf2800a554bb206b80 concept tag votedown
babf5f4d48e94cb4b2aa214fdbd45851 concept tag votedown
bbf679f949bf53f4394eff105ee604da concept tag votedown
acf3a6c93431fb2cb783c75178206edd concept tag votedown
154b674be7b8ede8358163d5f2912e91 concept tag voteup
62b32f6db01372d4f7788c48046bcdce concept tag votedown
366badf2c4fbeecdc7628258c6bd94f8 concept tag votedown
9eb313930acc2ef4d72cbcbd604d4184 concept tag votedown
168c5c5c79b989a26aaafa5ede541408 concept tag votedown
7e4ec05d061566e8349f57b50b81599e concept tag voteup
36061b29ea610fdc2953c2d85d0912ca concept tag votedown
b771a22acaa6ac278d5e6275cba940d3 concept tag votedown
76cfcbfd0ffdba5dca2a7808793291e1 concept tag voteup
d1c101f249de27c227e12b886a8565b6 concept tag votedown
5ce1431c233f7fdfa1dbb1d33ade75e7 concept tag voteup
87631e2adba7a98d4ae4db734aa4a39c concept tag votedown
612eaf329ee4058bc090a380ebd5009f concept tag voteup
2588eb6df1bc0d0fdacc4d3dcabd83d2 concept tag votedown
afbb77f6c4e15c991b91ad2bcf745228 concept tag voteup
a218aed23d8164f86b6feaa3b116ab0f concept tag votedown
f90aeb6d01d212fa0a0dd7e07a9f17b4 concept tag voteup
6916556dd2925eda32fa7560ad1ffa2b concept tag votedown
726aa96f09c0f42f9b833f037be661e0 concept tag votedown
7394c99cc19d1f830ec5de0d2c57c4aa concept tag voteup
1a3a7b7dfd1e6b34f3339b11aa443c29 concept tag voteup
2c6cd1d3fefa99919701365eca7d3015 product tag votedown
5f6b3601246bdef4e21ab61d4de55b5b product tag votedown
30e8871fd6aecc7fb10d5dae274f8f19 product tag votedown
4c0d230ab09b43e4caf249d760c6f8a7 product tag votedown
3a4b70ca44ba9b013b4ab904706fe31b product tag votedown
3df587ff3d49a1a67dae1a3b4c2ebafe concept tag voteup
25e80293518bddda49af3d94243d7847 concept tag votedown
54d11b7fa092c340c67392a1cd8d7fdc concept tag votedown
f4293aac1826fed0b2a6501fc1dc9b13 concept tag voteup
75b71ec9f0b6328f228584f46c71baa0 concept tag votedown
6e043fe02abc284912d3b4aa0df992ba concept tag votedown
08b440f3b490daf6e5c4cf4985f2ed5e product tag voteup
f03c3a7adf7db9dfd8fbb97c29a1b06d cloud tag voteup
34adbceb1481592b7ebee367e08f7131 cloud tag voteup
a6d6acbce8356c574a55df72092698ab cloud tag votedown
4f66409c046803a3c01867257a1e9d93 cloud tag votedown
f9a9dbf68e45782032f409455019df35 cloud tag voteup
249812356cc348e28f9d02f05fd916c4 product tag votedown
5c85e6069d9e2698dbdc256c9cc4b5db product tag voteup
4e7a23607b9549b4202c727105b81fea concept tag votedown
ec892d400738d297cda3e739a5dabc97 concept tag voteup
8f00f24c27924dc2c622c4a7e1fc1ef2 concept tag votedown
4d67e028566f196dcce73a30b2e02feb concept tag voteup
184ecb4ac92a50b6c68c1e7679ca45e3 concept tag votedown
0109f18c771cefec7d23f51e1f42dda0 concept tag votedown
0109f18c771cefec7d23f51e1f42dda0 concept tag voteup
91a0922d830fc3c03364b71853e31ce7 concept tag voteup
fc01b0a7d46db00f335f3d08a5c446f9 concept tag votedown
c10db89975ed2554bf5613e804fb54d1 concept tag voteup
1208e1f8172930ec700ec0c5729ca9fd concept tag voteup
