e7ccc664acb424685431c542b4bdb57b algorithm tag votedown
9a94767e86eaea637ed46f3c6c02776e algorithm tag voteup
603b7839ca90880485b9895789291e25 algorithm tag votedown
f644f75dbc4874167e6b7101b5e22f65 algorithm tag votedown
4ecf3100d0ddf58bf89e54fe3ad1b8d3 algorithm tag votedown
49409143803a79403b43801caca3c857 algorithm tag votedown
e374793d4a445a58eecbb1d39c75d39a algorithm tag voteup
25602f80c892166d1ef631ce61d16392 algorithm tag votedown
f5337cf8f048d9711d361f014699a4ad algorithm tag votedown
9d49f2abaff301c67c09c896bae5b721 algorithm tag voteup
0b45d0e974b054eae3b33f4b5e6217cc algorithm tag votedown
5ccbbd6b6a11073b4516d1ea59131550 algorithm tag voteup
a073f8599d05c463e7579a2f0949e796 algorithm tag voteup
c7330aa5bbbf48e6b7052cf0623e2d73 algorithm tag votedown
ebca58420a18b9cad47faa53e10b3d1e algorithm tag voteup
e8a90310931ee0af8a2a9df83bb42d2b algorithm tag voteup
de8afdf007d5f51b1c1f8400c5c299c1 algorithm tag votedown
761235b2bb4659409ca4cf6ded641af6 algorithm tag votedown
65dc0225605f2a3ca35389f9989ff116 algorithm tag voteup
010adbd8f5a97dff3087e9ec1ee1d341 algorithm tag votedown
dbd56b1e7ebadeb466c5a36f4b90231f algorithm tag votedown
776955c2c2ad7111974b387e5ec02d2c algorithm tag voteup
421cb102f8889ba513b6eb2d981b0ad0 algorithm tag voteup
8f7d0847a52319792b368ab8cdd1abab algorithm tag votedown
26d46dc18901f9c13a676ee46c9f84e8 algorithm tag votedown
b727c90a123b102ac2557c0072701dc5 algorithm tag votedown
4409ce67706ba5602fc158cd8ec0db75 algorithm tag votedown
46e878adaa2961f2dcbe27990be706de algorithm tag voteup
eda5a66941ce192b339fc887c8228f8d algorithm tag voteup
b1072808bee25f6d0a9fff2021d39398 algorithm tag voteup
dd1e710f85cf7d535e3e30500fe00b66 algorithm tag voteup
d8f1b70df8174f73beea02b0013596e5 algorithm tag voteup
be3a1babc7c15c28188dc7fb62593596 algorithm tag voteup
a2573265e5c0295c6303ceba5f2673bb algorithm tag votedown
7be57edc9bef2901a79d9a81414a8f41 algorithm tag voteup
d0d9ef412ca933a4ed479ed23272517f algorithm tag votedown
fb817da40950020c69017328362db5fe algorithm tag votedown
52655669174014b304e55524f66ab48c algorithm tag voteup
16d1601a60f57c4b824eebaba167db47 algorithm tag voteup
9c0b55d144188bef5c48f15013171c22 algorithm tag voteup
659fe0d162577f455bcafaf14dde4ebe algorithm tag voteup
911dee1f7a606176934f676cc3473bcb algorithm tag voteup
41b3289456119a59209d5900116e921a algorithm tag voteup
d8843cec000e0f43f23b13dbb4fa3e5a algorithm tag votedown
a2467ac6233fe2bc96683cfe4d15178f algorithm tag voteup
503f570258622937c069c111d1cca82b algorithm tag votedown
210b59a23c3acdb52868b01e7efea3e4 algorithm tag votedown
9a631343e41a6d723d73ccfb78887729 algorithm tag voteup
b740357f8b11314a73c199723793d94a algorithm tag voteup
1598ba3a7aab5213d789acd358601c82 algorithm tag voteup
5bade06d0b2704e004f1ecb02d3ad2e8 algorithm tag voteup
bf6bcf7b3780d7749b385f92434a5fd5 algorithm tag voteup
17557ff19a0c9bb83cdbd283e240b3d2 algorithm tag votedown
473806c08da88b38894ef73aa3a8de8b algorithm tag voteup
dc4880e9365f29deae2b86848d1cb07e algorithm tag voteup
07e480f519f7a6fbd9846e5d5249bc71 algorithm tag voteup
7c12f1dae2efbb0cf67908aa2ef7e4ed algorithm tag votedown
b1f74fe2fa0778a67e4b386a04648b65 algorithm tag voteup
ea63a531964f6b057485346f202247d4 algorithm tag votedown
7dc1a9688d3c6883b17d593fe8106236 algorithm tag voteup
73788137542d2f7ecf3e68f8602ccd77 algorithm tag votedown
72b8947c9af4283ccb75901f87b98607 algorithm tag voteup
653bb71a1816a10dfec04923104e849e algorithm tag votedown
1554e6aa675011b92dbf8b681877d8be algorithm tag voteup
fa1d93afbd90697cc9e63853837b9ff8 algorithm tag voteup
f02d012dc43770c6a1c113b784342d6b algorithm tag voteup
8ae8783ffe1f4817fc587a6a0b633589 algorithm tag voteup
746b194519297b1ff0332da7ef1e98fd algorithm tag voteup
c5a48263f17a7a81b2017a148c59cf93 algorithm tag voteup
88375e22a4feb703b8b7e5f3a10ea03c algorithm tag voteup
afddb010ec434dc543b19ecd6af0777e algorithm tag voteup
deaa5f54f2a2332fccddba8900ac053c algorithm tag voteup
149929485be8a198de4169a1a66d23f3 algorithm tag votedown
e6dc130fd67626f5198f6ac4da24fd77 algorithm tag votedown
bd5873096fbfcaab69c567a0237a3d50 algorithm tag voteup
d03f0aa372d8780aa40f66d23abba318 algorithm tag voteup
d9a142ff593b2ce11cd2231dc73f43e0 algorithm tag voteup
d037d0c1eadf673c36404f773e2177d0 algorithm tag voteup
924dc8f8895feb38048e11aa5bee73ac algorithm tag voteup
179a0b8b7d482a710a195e1de779c002 algorithm tag voteup
c7dba303c5d152d647b0d043980814ae algorithm tag votedown
9ab0ff2fc284d0d1ab1e8cfe16ea52a8 algorithm tag votedown
372e50d7069f2b04fc850d76341e21b2 algorithm tag voteup
5fef2ff04ecaa05878d4e5264fb3b811 algorithm tag votedown
f58a9bfebd913ff27bfd57573ce4bcbe algorithm tag votedown
35e6d7a76604542ddc9c0b00433ea7c7 algorithm tag votedown
60a9bd237e7c346cc926d60b528db39b algorithm tag votedown
71e66c811f1c53f07b1202ead429734b algorithm tag votedown
85aa2921b66e44a2469947dc5e190a2b algorithm tag votedown
2f59f90a0179fdb6b5b411a926b77eb1 algorithm tag votedown
e31fff2a188d9410afea2d115de5fef6 algorithm tag voteup
33ccd2df6e1eafaddd7ead96dbb13806 algorithm tag voteup
bafcd9220e5bae6a183b9f00cb89042d algorithm tag votedown
1a91ef288809fc5a3e11600a84b571b9 algorithm tag voteup
70b56b39db72326d0e2ee49fcd845d71 algorithm tag votedown
6dd0a5b237aee37686cbe96033839f9e algorithm tag voteup
d56b104b9bc247b6b04b6ce69f33c465 algorithm tag voteup
20505ef7e9485db937e758704c88af60 algorithm tag voteup
aef7e965602d0c33fbf2695f3920032f algorithm tag voteup
3c997a2de1d681c733559c773907697e algorithm tag voteup
fd368452ac065fbbc09e01272e370156 algorithm tag votedown
246db3d89a43385fbf4d610961b1b0e0 algorithm tag votedown
773000def1dbee4c62f09b23a6712e0c algorithm tag voteup
92ac4eb166d15051013483ecc043faf6 algorithm tag voteup
67d259314df4e5eb7fa483a317400ba7 algorithm tag voteup
453bf138e982aebef2d1d7b29e94f7ae algorithm tag voteup
311b218cd700162b500f4d677f947ea8 algorithm tag voteup
43fb9d259fda5796b9c36cfc864c93e4 algorithm tag voteup
7429665939cbe708d4dfa9e536b3cdbd algorithm tag voteup
a0bc818537b0d7e5bf897a673b5aff8a algorithm tag votedown
737556e486ed9537334c771d5216ff43 algorithm tag voteup
7391de3cdcf4ce24f98779ea2ab3447f algorithm tag votedown
85ed94622da27f48d085fd0d8537683a algorithm tag votedown
8d8a380d3ef7193fa81a80291ec727da algorithm tag voteup
339be0f48c2e416e64958332c7328af9 algorithm tag votedown
38b939a3a5dff6cd6ddfe84b1496079b algorithm tag votedown
8f7793ea9b8d65ff6725f23c60cf83d1 algorithm tag voteup
88ab8304b2f4eaa39bcc6eb4493d193d algorithm tag voteup
ef0996a65cbc26f335f140f15e3bc3a2 algorithm tag votedown
8e6dfce7c601f432571eb992f9998b12 algorithm tag voteup
09f317058df53a67eb451c0bcd8fdf2b algorithm tag voteup
ca09193d250bdfbe782a492a92f0a88f algorithm tag votedown
d0f6c3d47b4c578c9bac657bdba7d9d2 algorithm tag voteup
296254438097471771f9654cf4263e92 algorithm tag votedown
c30f0dbce7c541b089bcc194ab754d9a algorithm tag votedown
d678cc69f028d3edbfd47aaa9b3e7dc0 algorithm tag voteup
8b17b7e6dbe4a7f2cfd4ddc19a9eeacf algorithm tag votedown
c3365cf2309b9a1e21982a15c57a3fca algorithm tag voteup
fc961265be0c4e091f084c45e23acbe6 algorithm tag voteup
8ffa06f4e09c42a2c03124e1d971a09f algorithm tag voteup
f7b024dbf08de3f18dc1e6ab20fefb09 algorithm tag voteup
56f2440a0e1b4e334a2aab5b37099228 algorithm tag voteup
4b88cb7d6b3d55fcd450fc94d5e477de algorithm tag voteup
5719f6f154de0449541369b212238990 algorithm tag voteup
51c6ba3cfc564d695197211bc60b22a1 algorithm tag votedown
19e99f88f78c2cb6cbb9623dca8a8846 algorithm tag voteup
34debe01cdee88e32410c0fb9bd238dd algorithm tag votedown
4d38340b6822f56e420d501543efb82b algorithm tag votedown
0dc9cbeade3513684f1ae3ccb824e965 algorithm tag votedown
a2b90a3a6884933591e017ff68ff2210 algorithm tag voteup
fba598b31d22ea78333469cc66dadfa4 algorithm tag voteup
07157a7ea51ab0188697ad867f59217f algorithm tag voteup
6b32a2193b37de9e92e4be810bb66f1d algorithm tag votedown
aeda7367fb2438b6e08dbafbe73e636e algorithm tag voteup
4e49e4654025b04a90b6eb36d6f1ca6c algorithm tag votedown
25b83bb7702ad180532a8d7824f41d16 algorithm tag voteup
ec92a5cc86751f589282c63d62453657 algorithm tag votedown
baf00b2f46e84094bbfecc4bcfccda0f algorithm tag votedown
f91a782f21f47c438367852a9b79f86d algorithm tag voteup
c660474005930a8e692d8f9f79d49b95 algorithm tag voteup
6a34d7811b6ddb8b03934125e7f883b3 algorithm tag votedown
b249a899ba3909aad94b0f9721b2527b algorithm tag voteup
2dbdfe3616124adf35acddeb4261098d algorithm tag votedown
24968e4fb70b5732d62c432bfa2fa670 algorithm tag voteup
0d3836aac25020dae8c44aa477f70a0e algorithm tag voteup
d380679bda9769824679f4de554098a0 algorithm tag votedown
4887abcf8388e96b0ace89998b268b1c algorithm tag voteup
f87cd8fcac74ddda5665a5b85ded560e algorithm tag votedown
68e62226dbaec35de6947773ba4d406f algorithm tag votedown
8e4d58b19e33a22fbb962b51522d1c30 algorithm tag voteup
eb393f94d97242ef24d7d1d7bed39be4 concept tag voteup
e40035b69cecccede474583b7e1c275a concept tag votedown
d9d69a96d4c27267aa6a5e0eb2727625 concept tag votedown
25b83bb7702ad180532a8d7824f41d16 algorithm tag voteup
25b83bb7702ad180532a8d7824f41d16 algorithm tag voteup
25b83bb7702ad180532a8d7824f41d16 algorithm tag voteup
fecb51ce34acdd62a005a884fb7f5c91 product tag votedown
fe184207eee68c210c11303d5fbe665e product tag votedown
fe184207eee68c210c11303d5fbe665e product tag votedown
fd1b72eadd926329d3bb1a9eac21c8d1 product tag votedown
fcb4aacafb6961d75b7f76651769c1ff product tag votedown
fa8b27772b890cd26d8af6f5cda6f54f product tag voteup
fa6ebb46eaee2301835d1584c792d518 product tag votedown
fa2301367844cc8d41d88f3d9205e26f product tag votedown
f8cadd1fdf9cd863355429782ca65348 product tag votedown
f82d123204e1a7c16598594ae03a529d product tag votedown
f8214b0ef4fd84af530e17ccb3123230 product tag votedown
f768b6888ca94d3436e6e3b09f81f932 product tag votedown
f5663f24913f600316c88647a4a1ced5 product tag votedown
f4eb41874ca1c4aa1d094ce709f6269f product tag votedown
f4b3a6796bb3d5601a1cb3e439375d56 product tag votedown
f41a103027ceac948dfdeaf52abc4138 product tag voteup
f3cff75748d70bda0e3c73fd3394a32f product tag voteup
e483e10782c1d2b570c5b0af249af747 product tag voteup
e6624a05b7252e8bbd459ec20807a258 product tag voteup
e6ac82e4b18220cf27ffb25c8bd56acb product tag voteup
e7032dac523b47672e20fa83cde18b78 product tag votedown
e72157e2b365d0a2e2b59fd64113ec43 product tag votedown
e730a78bfb9486ee24cc593cdf0b967d product tag votedown
e78af2a4df2c130793b4353ff07bb4a2 product tag voteup
e79c75561fceed5c0e6a6f599e8e0a89 product tag voteup
e7b4c56999f7b99724ec05bd933181e0 product tag votedown
e8000aebeba90d1b7f5cd7a366c74d10 product tag voteup
e84f913c7f04a9d715286b5112699711 product tag votedown
e865d0b0309d0c296408e9b1bd742661 product tag votedown
e8ab688df09d2175e49250b1ce680728 product tag votedown
e903c5c3c2d431b4dbaca07fa4648b6e product tag votedown
e9dab31e97f871b2cf2d97acd73b84a8 product tag votedown
e9f688fbdef20327f804f8af5609dbe9 product tag voteup
ea2caabe770ea925c4ebbfddfa83f7e1 product tag voteup
eb001ba2552337d8daf942c82382dfd0 product tag votedown
eb735c94ceed8dc1ab5b19b85eb07dae product tag votedown
ec12282a185d8b28621cc2911187d193 product tag voteup
ec5e50ebb937873c10e085de47080753 product tag voteup
ec6dbb26878b7147c1c1a19642fa6645 product tag votedown
ec9030b18fe1f3d3896f92a1513a82dd product tag votedown
eddc767d225f484490e7be1ff7792690 product tag votedown
ee309575e3bad6a69e88bb7bb924e810 product tag voteup
ef3aa6227f7d5a8b01562bdc4aa43dce product tag votedown
efcf6a08be44e006919012d40aa71bdb product tag voteup
f0c963cb716e9b3afe26ae774d930467 product tag votedown
f1255647f66df8237b7d1714adec037a product tag votedown
f18ed04f926c0c2e2cdd34082a159987 product tag votedown
f1e70bb9c022514d4e540935cc8e0431 product tag voteup
ec31f753e1d5313e63aed7f64f2b249e network tag votedown
ebcc78c1fdfd14714c5c29ad5a90a298 network tag votedown
e8b01628acb50762d63801bcfdd27473 network tag votedown
d481a655440066b51103c54a3e255b15 network tag votedown
cd7cf615ca940cec0b3a00893d96205b network tag votedown
c76d0eb297ebafa15019eab1c4af7ea6 network tag votedown
bc3e5b00dbb5092ff558102683202d58 network tag votedown
a28ee5f112230005c06fb07040a4cb88 network tag votedown
5c1be4778067b6d3c7f2a2936d386cc6 network tag votedown
56e239ba3f670a7749df365b8fecb86d network tag voteup
43471be5f01a6a984dda349c2d11b1f0 network tag votedown
333f9a336a0a2d373a42021dded0b323 network tag votedown
3264681645af5cc52a8e5f2203099b51 network tag votedown
1a9f74c78af6cfefe4c71ea44e8869f0 network tag votedown
19b30577a856b105148a38b02bc7df9f network tag votedown
c8f8c4f10cd7369265768794e8632d0c linux tag voteup
b1ea9b48915dc68a204182f92bcb350a linux tag votedown
a87d94259a6edb5f91057ece555316ac linux tag votedown
6f1617237a9ff37d63cb94f0d2a934fb linux tag votedown
5ead74ae8464c0d46f165627fd04713b linux tag votedown
42dfa7666af200e9edbb0b0b065835ce linux tag voteup
2d68b5c93fc6f846092dd374d9e0b338 linux tag votedown
0de389be7ba19f205368f846dc4d7c88 linux tag voteup
0544db4dc0fb042f662dc415fe1ea360 linux tag votedown
053cd3e18d0e16094a5cbcfc01e7f2d9 linux tag voteup
002f0aa6708804a0bd18179f3fa59537 linux tag votedown
ff7ecf68c90fe17f52d1006db2cde442 linux tag votedown
fd87d17e6a8321ac00c86a6cd267b583 linux tag votedown
fd5d42e2689731b36c2068cc40c9c817 linux tag votedown
f828c015249dd21a0fa34c98afec88ce linux tag votedown
f81c94cb4834d5fd65813c0842b002a2 linux tag votedown
f42adab593bb82b32b298a3995f2a8fd linux tag votedown
f4024619e218bda10fc287175442a01e linux tag votedown
f31b90ff952928819c26f4b19e32be31 linux tag votedown
f274dbb574b2fbfced03dab33e32bb3f linux tag votedown
f261c9de71eb399783812aef8d43c5b1 linux tag votedown
f0827ba35fe561c7f0c5a8c94655719b linux tag votedown
ecc152e3e74e5bd5370438d42c2900c1 linux tag votedown
ec607fa37da877df5e399dabcb518841 linux tag votedown
eb54b225169352f49f43d2a62d14f51b linux tag votedown
ea280bd33bfb1e08f60a45061df3fb58 linux tag votedown
f52b2ee4d90e7fd39f88aa7af704a794 linux tag voteup
f4615f8c1aeb047a869c738a2a5e19d8 linux tag votedown
f43a21116ba5b6fe6db9b45fef363472 linux tag votedown
e4994fa1257e681540cd405c07f2bbc9 linux tag voteup
25b83bb7702ad180532a8d7824f41d16 algorithm tag voteup
e34efa2f6de03013645e889f6296af0b linux tag votedown
e019a9d8c16eb53d7b9bc5384125a4ba linux tag votedown
f7c3f667334277e4236406cd7f5dd307 linux tag votedown
f70301cc40b573fefd94a1b85f23e743 linux tag voteup
f63b8abe5b1ca185217cfcc41c554e15 linux tag votedown
f61aec29b6de2cbbe39ea229466dce0d linux tag voteup
f605d479304123827eca0a45dd74daf3 linux tag votedown
f5eb439ceab73b39e75661beb577987d linux tag voteup
f541c5b0666b73cbf005964b64652a62 linux tag votedown
dfeb5615c4415acbd448d96122ab4e79 linux tag voteup
dfc137af2a7e907f49ed4aed456eaafc linux tag voteup
dcf50b4601e7c0846df01dd8009bade5 linux tag votedown
dcf0d21c46a91bb6a7e8046e16536cd7 linux tag votedown
dafe3fc595cff6af575aac39aec5237d linux tag votedown
da14549c499281392d8b43bb118ae79f linux tag voteup
d9a5a7ff38d49f0e5bd25fb7bdf23f37 linux tag votedown
d9999b267d491fdc23d6a98a9270b90d linux tag voteup
d84ed450223b45cd2d87b3f05afb8161 linux tag votedown
d4e40f8dad5885916bff914443aed5c2 linux tag voteup
d4ba5ae37e3298fb3cb57e850f8bcdc2 linux tag voteup
d458989b88c57fd5021b8d6160af0f2f linux tag votedown
d43b34ba7dc7916c5618f7728d232691 linux tag voteup
d0eb25c788075365bd88d911e7d95cab linux tag voteup
ce7b0a20a7d683839c22977cb823eba4 linux tag votedown
cd215851e3a15dbfd5ae368a27ae2fa6 linux tag votedown
ca9db5e68d48e23bfbc3eb207772d126 linux tag votedown
c9c5abbd00bb447d8d9f0d7e8a42e207 linux tag voteup
c7b26d43e84d6ebb8707011131991137 linux tag votedown
c77dce1336c2578f04824af94328dc97 linux tag votedown
c5c9e658c9e6395dfa98202865ba3160 linux tag voteup
c4450a7af6526073416b5ba99c7671a6 linux tag voteup
c37513c12a672b9a900dfe94906e1e5b linux tag votedown
c135b3bf2f9d173fa98ea97f26e6e496 linux tag voteup
c059794ead853bffdf47a5532d84dfe4 linux tag voteup
bc631e014e3b7164de8ee2c06db50710 linux tag votedown
b9065205ef2b4d00bf7da616b35b5a27 linux tag votedown
b8134e648da2863c69d13c72cfb600a8 linux tag votedown
b7b8cb3d9c9df0f1363b71342e274090 linux tag votedown
b6af092b9f41ad0fe846c5dcaa7a0c5c linux tag votedown
b670adbfab6ff32fdabb99d48c06cdc3 linux tag voteup
b36aab877651571ebba04f7e79d5a3cc linux tag voteup
751ad6646ca9aecd4dc4f1371b2b960d linux tag voteup
75a65901efefbd61e1265cecc3ca375f linux tag votedown
ae46644179d525eac96711c292cef2a6 linux tag votedown
ad1a4ede8cf8bc9f6fc9c7f18362a76d linux tag voteup
a8582fd4b821c91c8b6d132df34bac3c linux tag votedown
a78bcd522e2bf57b721da95478deb090 linux tag votedown
a693bf92020a5ed13bc2997293cacda7 linux tag votedown
783a8a1af27fe9786d077b7203723d00 linux tag votedown
790352b62cd1e4b32b4bd6f9e5a5a06e linux tag votedown
7b71ab784b660acc72ab5ec03d350137 linux tag votedown
7bbbcfd1a20981c85d8849a7e266a125 linux tag voteup
7e4e462d1813145eea0b34fc6abe206d linux tag votedown
8215fe0fef8afa636a05fe1beb3c195e linux tag votedown
828390658e52cd2ebbb104661e643372 linux tag voteup
87985900395cc798d8f7e39033fa7d15 linux tag votedown
88ea15f5b769bb6800c18dd6904705bb linux tag voteup
899f602c3b7b1a1ae435b738578c5a0d linux tag voteup
8a57206274143a8828cb699b6a75b53d linux tag votedown
8b1f9a229bb205526e9d0e31c87956f6 linux tag votedown
8edc299bb60c6fac7ab82ccd404b411d linux tag votedown
9250c581e56994690cfc6f4087a437b1 linux tag voteup
939586305d330c27c3752859c864926f linux tag voteup
9663fde69fee2237bb74855468087eca linux tag voteup
97cb62036dba21f7c1c5c28143f38e0e linux tag votedown
984adaf2b9900b422f72c4664cea6d71 linux tag votedown
9ac8915ea2fc8fc5627ecccd8e2f8d3c linux tag votedown
9c6d14e8aa01161265c2a92015f5a3c5 linux tag votedown
a04e42c47dc250d99b4e5d92a2ac1360 linux tag votedown
a06bf56c8df36d28c3753a3ec9bd345a linux tag votedown
962cda776ae7e5a3ad5d6966d329c2c6 linux tag votedown
6b25b019e619582ad98019eed91bf729 linux tag voteup
3776a92609aeaf4e55becdf2482589b6 linux tag voteup
e48d78013042e225cb00765835213551 linux tag voteup
e165df8cee754cd23761ba16bc2b96fe linux tag votedown
dd5145eea55f1071ec3a684b705a64cb linux tag votedown
b23e5ff2c8e4a73dce7c23f56a9df16a linux tag votedown
a560082e09aff81806bcac565fc73bd5 linux tag voteup
741c182523a712bc0499d96e4d20f460 linux tag voteup
71abaa95c682af39941f2d70bb5fd165 linux tag voteup
71266c7f80ba6910ec510da64590d5ff linux tag voteup
7077f4b253e5a83fda43c0fe19cdf55a linux tag votedown
6e2d4acfe6fdc1049bc8397f03c4234a linux tag voteup
6ce95fd18e89f03c5dd6dba93624b513 linux tag voteup
68f5306a16ab48497055919635688af7 linux tag voteup
67d4b4e6fcf5ba98cbe19cb56a8f84df linux tag voteup
6783fabae16ad296d9634541ad6ceff0 linux tag voteup
660ed7813f4f9e09a646a48404dd7b98 linux tag votedown
65682e4f453e1c7bebc63c37d3c66fb9 linux tag votedown
6515d563ee49add6f929059d30892599 linux tag voteup
5f7ea217b216f2333eb031e70b276c37 linux tag votedown
5de9f56c8ce2bcfef1eab24834fad1d0 linux tag voteup
5b3076388d105d0f9bd64422bb9c5e59 linux tag voteup
5ab636b40731712847ff8dc1158b0996 linux tag votedown
5708a579324baf0f99c7e9376d3391df linux tag voteup
49ff19bf19c0af72bb3ff95c6a7653ee linux tag votedown
494c9e9bb2d0fbc899b0c140a060a6a4 linux tag votedown
47ac2a7ac53e7a469d145923dd12d77c linux tag votedown
476f80b2b6d1113a695f3b80994a6d05 linux tag voteup
4768bd78ab3c03a203297fa31ed12d0a linux tag votedown
474a1969a66230a790cdbe23cd4e64c9 linux tag votedown
465390c6df67991d67df4f3a08bf0f63 linux tag votedown
45c584da0e234b6e2e79301af650c9b7 linux tag voteup
45b8a123ee7c683127979d67c5d17379 linux tag voteup
430103080ac12346d0cb3d5f9f0f6627 linux tag votedown
3fe8bfff66653fa6f10213d0d4884b63 linux tag voteup
3e2437e58edfc47ab749d1c26ced741e linux tag voteup
372f30111553ccf4c09261a339d4e9d9 linux tag votedown
342f23c34f725ffb60c883cd83917b77 linux tag votedown
3427594934df7ca60d17797e621923ba linux tag voteup
2b849e0cc3860f2d087b4178197299d4 linux tag voteup
2b034d5f20de4ec6c6cb9266a131fb1c linux tag votedown
28677e3fcc29bfaa875812f5ff65812d linux tag voteup
257941b57cfbdea84b03665d571cb8c0 linux tag votedown
22de14a3988f9d27bc3b75f1be58c1e4 linux tag voteup
20085d2d490fccfd46517f2a538f2b09 linux tag votedown
2007635bc0b2ee3db74e8b4f2323ce44 linux tag votedown
1fffb8fa3a539bba9789bf021e1ebdb5 linux tag votedown
1d4a1b2c5ec70697e808fcd6f6b059bc linux tag voteup
180db851d0eec18890f01af01e141d19 linux tag votedown
10321cb1878bc2eedb9ceb4ffd9f9b45 linux tag voteup
100c03b8488b8e9e2aac393a4580a408 linux tag votedown
0ee523bcb423c30df16755452a7a12e4 linux tag votedown
0c0fad1c6d645a1eb8a63f3d2122ae26 linux tag votedown
0b2ded8115000865d241aa25b829419a linux tag voteup
0abc79dea736db6900d6b003fe80d277 linux tag voteup
028916f7d774f416f4b7bd3e2f3414ab linux tag voteup
0174e3007fe428b8cbe01548a3d85999 linux tag votedown
00fd0151a3a4facf1d30511d88c64de6 linux tag voteup
10cf0231c8dc9746e749357a50cafedc linux tag votedown
0c443e8707f1a93cf25e7bd33cb34a1f linux tag voteup
07fcbd3a596d4cc431c7a3905f87fea5 linux tag voteup
03ad865914c96fd9e7614665c7c292ea linux tag votedown
0123d15a54a906ea285306e75fddf5fa linux tag votedown
f0da93c4560575b151173a35c21d2dd5 cloud tag voteup
05cbfa075710cd6b4bf7bd33aa76f06e cloud tag voteup
a081ae508b14fd43389c502a31530090 cloud tag votedown
02884ff7172944e2be1ea85ed7455668 cloud tag votedown
08c2196fcb9f811ec0f6645f68fa0a2b cloud tag votedown
293739f04851bc79e8499b55515f842b cloud tag voteup
577adaef85289c93b0baade50c1ebc57 cloud tag voteup
5e7edded5f5217acc8e4e1596a5af64b cloud tag votedown
76e59e398aca9f1381eb89ea9c9d1f0f cloud tag votedown
8bcf5672e0c4f902c871fe243860016b cloud tag voteup
d3dc5b15829e06a2a706815ac03ffed4 cloud tag votedown
0733c2f68967000116e78c242c38ddb5 cloud tag voteup
33580b49c955a5c5dd1de4bdc78e5dc8 cloud tag votedown
4c10df213822b68f5cb19a268a2bc3ff cloud tag votedown
53679ecaf8a6098378f1026a4d5c52ca cloud tag voteup
5ebfbce5fc11505d0a5b8fa3be05e622 cloud tag voteup
a1b047a764060075c0b61ffd10845ff9 cloud tag votedown
b7f2ebaaa038f6ca48a0e5be33beaa6c cloud tag voteup
c85b02bab2dc8092ac899474e5c3ce1f cloud tag voteup
c983b5259cd9dcbb7b54b4c31bf4c1f3 cloud tag voteup
c9a6002ef40996d93dec3d600fbc7374 cloud tag voteup
d1d2d78081def14e1e43a8ce538cbd89 cloud tag votedown
faf10f0d21feb8f93c49e115f13faef0 linux tag votedown
f7d4765df053c9d4b3f800609e6649a4 linux tag votedown
f518166eb8acfdfae16e50affc9b81d2 linux tag votedown
ea78dbb9197c9208dea28d5c554bf0c9 linux tag votedown
ea61d6c138c4042092c0364757d33418 linux tag voteup
ea0342eb1872a867521755fdac0f7f1f linux tag votedown
db7dd7fc27270570f38b7ef1fdedbae8 linux tag voteup
cdbbe0ea031e00ec3bc6b1af6673158d linux tag voteup
cd663872acd3444c537af77faa7377cb linux tag voteup
ccdeb29f3912461fa776347ad61b5b7a linux tag votedown
c256a89e32b01a4feab7448aa4db38b3 linux tag votedown
c136df3b83cdf97769d784efa00cb5af linux tag votedown
bbce51406248d3b0d9c84b2bb77103f5 linux tag voteup
b9ad5f688d7e55f72d37eb04f289708c linux tag voteup
b732dc0bb26979cb8033bcbb8b5c04a8 linux tag votedown
aec71236333f8afe261fa48bb568bcd5 linux tag voteup
ae25ad7992c74d28599c5d1f1478194d linux tag votedown
ae2145b4fdae87ee5b9ec0c73e457f7d linux tag voteup
ad54bd77a456314d13e0afa698cf66de linux tag votedown
ab3e9b0ae1fb8006dc3ca047d3b3e856 linux tag votedown
aaaab53e72c89fb5738ff83dd5b94286 linux tag voteup
aa29a90adf95bcb0fbefffd902167b59 linux tag voteup
a729b5b002c23b4abcdcf80d944af281 linux tag votedown
a60a2a95378aba7e2b603f8baf5496f7 linux tag voteup
a5ea15c1af15008a86db5b2686c29ccb linux tag voteup
a4a81bac95afcea2e71e58f932cb5994 linux tag votedown
9d99a926d8f424fb5302ac99d593021c linux tag votedown
97d1fe8860497e94fe3f6d45efb49ffe linux tag votedown
94157e0c78f5fbf5a85abe258c6dae56 linux tag voteup
91d74082d0b5ed0e7adb7662be125586 linux tag votedown
8dc861e0238bd4289457f0da285f39c1 linux tag voteup
8b5eb4d066ba7ba1a63f1ae9c5ac91b0 linux tag voteup
873df29e6add672b6a103e1d7e9b3112 linux tag votedown
863d3997b0af62b09e675e04b0aa2fb1 linux tag votedown
861adb6d8ff89fa57df42c3e1996a230 linux tag voteup
82e585599c7145d1f8c0aa1bb17282bd linux tag votedown
803e69c769b4625cd0ea435640717d31 linux tag votedown
7f34a3806d4f1db6d5170873f3f869f7 linux tag voteup
7f2a83637b360f1c6ea0ef5385074380 linux tag voteup
77fbe42bd5269fe1cd8435604cd8f9e3 linux tag voteup
772af088ede704a3350d52aff4ae0697 linux tag votedown
76f242a1dcd3f9bfabff510d4efa8fe4 linux tag votedown
6bf2c1a14c05223740616aa6d9353fb3 linux tag votedown
6b48f85af72a1b35bdbbabf1787eb8cc linux tag votedown
699b60f2c6b553686da87eefba35ce8c linux tag votedown
6903e6b1be4a7558ff45df28fbc0afeb linux tag votedown
5fea9950a6c1aad336e8fc7e124e3b22 linux tag voteup
06dcb8904cde76fcf788df5f6505360d linux tag voteup
0887a6a8a52f2ffaaded06bfce6a0fc7 linux tag votedown
08d25f8790b7d7d4b3416fc9aab7d709 linux tag votedown
0921e657d2f38292f13d041da77312ba linux tag votedown
09b273b7a127265c54982c735e6b58fa linux tag votedown
0abf8a15a1333f1a476fa0229a3d24f0 linux tag votedown
0caf8cbe25984adff973c7f0ac1ccd78 linux tag voteup
0f755cf5c0a9094c620fcb9da36e4a55 linux tag votedown
13981d6731035dcc80e3f25fb4d688e4 linux tag votedown
145c2cf7568dffc02af34529884486d5 linux tag votedown
149f6f895142a9ca073a1f4ffe3d2511 linux tag votedown
16be01611300d6b87d4d4d33464de05a linux tag votedown
17906aa978a1319a05fd2d3176acd49a linux tag votedown
186a0a7a7656f24e25ec688dfba036a9 linux tag voteup
1ab7f47d40c363e47da23291a2c71a54 linux tag voteup
1e81c17dabe5738f7e2e329b72848543 linux tag voteup
1f9ee9839611b55ecaa1b8d470264c50 linux tag voteup
23650957cea2a49c5d4f8ff264cb3f80 linux tag voteup
24c1da4eb3c619584b19fccffe61e2bb linux tag voteup
278a57c68b269ce0c0eec264716ece64 linux tag votedown
27963a6b484e418aef95e580ea701556 linux tag votedown
28125e60f7043cf838b3ac8c4f207c42 linux tag votedown
2d84cc66667f902ca307c8e351dfcd49 linux tag voteup
2e313f73bad3d69a1e268e4bcb9fdcb4 linux tag voteup
30ef03c332c47927df92132a07becfbf linux tag voteup
373804f8e81116a730c1b5ddb64ef574 linux tag votedown
3fa82ed9954a9277a8d165cfdec595de linux tag votedown
405ff6f20ba1e3d3667e6713de41853e linux tag voteup
407458b278e1fff31d38411e6029ed04 linux tag votedown
43339ffa860ab80adf76e99a5cf6dbd1 linux tag votedown
45d966cf8dd487ded33e4b4b7a3f2907 linux tag voteup
467d3eed9a2208611c4de03f09cd07b5 linux tag votedown
47b2622eeafbce4b3c4a5dc715f26e0c linux tag voteup
4d8554275da53b14c5f96b680e243792 linux tag votedown
4e970e2c54da771ac15b55cf090c09bb linux tag votedown
5a7106f3e62fbc38231a7c77136bd830 linux tag votedown
5dcc4fd139d59b1252f081f7e4a24f08 linux tag voteup
217ca4c0594b41821e671603e2bcd198 linux tag voteup
0a717cf4b1b2511bc4f46750578ae8a7 linux tag voteup
3283077f5b659fdd9fe4a14f99ba8519 linux tag votedown
4804208b293fd9a58fbe6ccd67cfb542 linux tag voteup
96b6551b6c44ab0c73da9c09e22bc120 linux tag votedown
ac055c1a0fc9413f6553c0f7c57f2a82 linux tag votedown
b6e1814802ee812319096020df124aa3 linux tag votedown
bbdc0ef26c9bb30d449a5651c1fc80bd linux tag votedown
c487999fcbb263fcdc192c0d80660ed9 linux tag voteup
c5b644f9faeddc14ef01496cefac682f linux tag votedown
c8639d62f780199a2638eefeca063b68 linux tag voteup
cffc8a2195485fe6cbc815f89c2c1c1d linux tag voteup
eecf2eae21f72172fb2399d748e0c8e1 linux tag votedown
f27bab1ea73237eff396e36f7f84f51a linux tag voteup
f6f441974f4bafd2a30d8fa23d0ef5fd linux tag voteup
ed8e0c8edcec3c8b40588b047b9ee7b9 product tag votedown
e8dc1c09b00b42aa271b37bff58ad82f product tag votedown
e3521771e073d83a9bcaf0485186f75e product tag votedown
e3340ac472882dda3d5b9864adc9200f product tag votedown
e2a50bf4034c4f6d3d3f42eb45ff0034 product tag votedown
e2599a854395ff282a60bb459726b26d product tag votedown
e2513d6acd5886754a34a17a8a9b965c product tag voteup
e16c694f449708c39e448e3a553619a0 product tag voteup
e161ec75b0165d178f44d587994441a3 product tag votedown
e0ba0ca2a215cabd106908f5eb823f48 product tag votedown
e00d734495534260891f0b6315d81be5 product tag votedown
dfbea58f53609ea949254be38c699767 product tag voteup
df43ca77e960b1da9f51c27cc7c335e3 product tag votedown
df30f7f5f285fe508d9b2762daba48ce product tag voteup
de88f9849ada0cd9f20eb1c289f3b248 product tag votedown
de812a3fc490d0aa0d5c4c0921a8d0d3 product tag voteup
de76baef15efded9494970fd5664cfdb product tag votedown
ddeb1a2fe3fd5ab06c036a4ee8b02d87 product tag votedown
dd512041a42c13db0cadf2def1af3452 product tag votedown
dd0467efd80d97d96e9d2d8b3ee84e0d product tag voteup
dc167c2a35beba0c4b8843ab13d35a0a product tag voteup
dc15f55070d0baaa23639e46cb8b17c5 product tag votedown
db03eda79587533878c33b8811c0d427 product tag votedown
da3859fe73fe032eb945aaaf9a82d4fe product tag votedown
d9fa69dca5c7e23e58b99f29ca72ec64 product tag votedown
d9b5b5108d9b710879a67fc06b8dd697 product tag voteup
d883186fcb063c473545128d40ade457 product tag voteup
d6b7bd50748e34f7e0dcaba95e5ff7a0 product tag voteup
25b83bb7702ad180532a8d7824f41d16 algorithm tag voteup
d588c90f0456a8d5d5469c745007a016 product tag votedown
d4f59889e76bc829d5098deb279862ce product tag votedown
d4f1e48308751c32bdfbd2386c50135c product tag votedown
d399b4126c548eb60b01c2ecc09deb4f product tag voteup
d35ab8cad5aac727558169e84611e1db product tag voteup
d2e7ac404d1e829d97586aa16cc260ac product tag votedown
d245e143813abc292280cdc010280b68 product tag voteup
d1808fb37dac5883216ef27764c87a5c product tag voteup
d164afe67b387987bc0cbdcb6d5230bf product tag voteup
25b83bb7702ad180532a8d7824f41d16 algorithm tag voteup
d032bd5a8f0e5734d833a5bcb955d67f product tag votedown
d001647608c5afd87ce4cdecd797180e product tag votedown
ce2a4e2267afe37be21dccb41b6f4f48 product tag votedown
cdbeea0244c18abb904a567a8a7a5333 product tag votedown
cdb77e4fa6e0f8b5c593a35196bc6baf product tag votedown
cd44455338cf2f6223febe5a7216e11c product tag votedown
cd139295971acf3c968623961eb3ab2f product tag voteup
cc9bad3a4edf4274c3688137acea2a00 product tag votedown
cc7280a344d22ebd7baa4d090c79c258 product tag voteup
cc6f3f117aa288a91a3e8c144917cfc2 product tag voteup
cc6421dcf5ca30d78ef57f4a8aa39388 product tag votedown
cc075b0c943bb8a669c3e8c0c9e05726 product tag votedown
cb0cdfaba76122e1601117d7314bbab5 product tag votedown
ca8eda280989ed4d9fc4ca6f00129b6a product tag votedown
c9efb2792d034b8ac29d5ad6e4d3efcd product tag votedown
c9b320f0fefdda06636d59b627e6e577 product tag votedown
c94ef1fd45e20ebd1b9a08bfccbf6bb6 product tag voteup
c9150aba3b7b083521dd852e76eed91d product tag votedown
c8f6c6aa585bcbb5fea20b452b0536ff product tag votedown
c8d5fa74aa231e4cc50b56db90b4f8ba product tag votedown
c7d2ad28e0cd9f0567808f11e4dcb849 product tag voteup
c7c407265997f25bcad383075bb2b279 product tag voteup
c795950a76ab739a636fca7e6a3814a4 product tag voteup
c6f6eaac092045155f6c9ec03e4c4df3 product tag voteup
c6258857daff5dd12d91a9e96e89f597 product tag votedown
c5b96237497d9b1ea5ff1dc22d5f771b product tag votedown
c5a385989feb34c537d4bfdddb02b782 product tag voteup
c553ddd318c543786504c72bff911288 product tag votedown
c527c7a22edab0f3e53532ce8a584f14 product tag votedown
c4e8ed2a1ba4681468c52c903e03a08d product tag votedown
c42fd2746d9ae68a99b6833f4ca25ace product tag votedown
c30840dd3a84064e01f75f6ef04b23bc product tag voteup
c2af9e98e2e47ffe0bc0529649cb2c9e product tag voteup
c264f7553b7a807c65672ce08388e1df product tag votedown
c21b4cf58f1108c46ddc36421ab79eb5 product tag votedown
c13fc41520d3c36e81779bc9b3947e73 product tag votedown
c06dae4a150f75b386011bca06d8fc0b product tag voteup
c065c98fbe9c2a0c788e56d6f19daffd product tag votedown
c049fec04ea1cc0547c8c9fac58dd023 product tag votedown
bf2f36cb2b6ac3976e8621db784aca8a product tag voteup
be2bbecc2c7bbd281edf2f5122d32f0e product tag votedown
be1acfe176d41fd92557fc1a22e0a759 product tag voteup
bd8a08982dd969ef4141bdffb43f1f6b product tag votedown
bbe169900cdab0f983bad3b9aabf49e4 product tag voteup
bbb57a9181b00e7be74ccd7f6710695e product tag voteup
bb31e255784ada416647e2974ba94378 product tag votedown
b943ca680ffe198d7adbde85c5287cae product tag votedown
b8483a9d1c11ed86633d856c9c3aade1 product tag voteup
b84126094cca234c05b6ea282fbbcf65 product tag voteup
b7e3643388a6af11db7d40b5ce83e35d product tag votedown
b7dc4e705988002fc0b318658af69403 product tag votedown
b7da814d79ba3c0f5b83cb1652372485 product tag votedown
b794b6e983f30595fc09e9e17b53b2dd product tag voteup
b730f9f692047040e2ac0749df5197ec product tag votedown
b65c0011d138bce458c851f24ec854f5 product tag votedown
b6160969464af6ec388d8ed744fe3cce product tag votedown
b5d92162fdb27e947a152cbbe35936cb product tag votedown
b5687baa01f460026aeddc8d6e46c95f product tag votedown
b4fcc44d37e8eb31f41e83c4ad370b2e product tag voteup
b49d0025364e304e443070dbc171e86a product tag voteup
b461bf1f5afa4b8f626a7da5dae6c207 product tag votedown
b2b45e79c48faa3862ab603cd2f54b68 product tag voteup
b22aadd762976578f2f3c8ad1a70d71b product tag voteup
b221384dd6b1459aae7e58bf98a2041d product tag votedown
d05e2434717af829742c9f0ece27d09a product tag votedown
b9ba2257a50deb8d3663de7d69ea8a16 product tag voteup
b21ae2a3837c777cd66e0b42584e2eff product tag votedown
b20ccd3c4f6630df49e8f3210153a809 product tag voteup
b1a86a7d4bd9fc4dac0340887d2277be product tag votedown
b19b41457d0c466e6dd9a0dffc247cd1 product tag voteup
b110f205bcdcaea3a8970aa5b1682f15 product tag voteup
b05579ba13eca45620f71b9db80f98a7 product tag votedown
afcc9af4836b68561589199e3a382466 product tag voteup
af5f29035b27ec1a3f9273371d10ff43 product tag voteup
ae8f56ed41c2d5fffe6eb9ae10caa36e product tag voteup
adbdeb2d57833eed10d84d9989978aa1 product tag voteup
adb2847d6899fab30ce902503c424fc0 product tag voteup
ada51beb53fe8ccc67d6c013e3029c1a product tag votedown
ac2e00a2fee42452c9a9a91448f067c7 product tag votedown
abba411f1b478b7d45ce118ce0c0a6eb product tag voteup
ab6ee5df2b8d46f70e195fc9d6152aba product tag votedown
ab5c830fbcbc6fe7e2b6c4a6a477fdd9 product tag votedown
aaa00e4b173e77f6e44efd9ad849e93c product tag voteup
aa19d8a5d6042cd842b2300d68ef2f05 product tag voteup
aa0bb2d20761ddae21461863e2720c29 product tag voteup
a94754f8d665d359d8d23831d9da1db7 product tag votedown
a9183d336ab707d81f4cd85209cbfcdb product tag votedown
a90dc066eb99b20e4ccdf13c6660aa4e product tag voteup
a76d05c5d1365db331d3b9e6ab2c7ae9 product tag voteup
a6f4bbdc08a705d75d4c9198725c45b1 product tag votedown
a66fe110c0bc77b997b3ddb626327903 product tag votedown
a635f69fc9b7d81a3eb05f2d0c2807d6 product tag voteup
a6128ad061dd6b33e3dac8312e0f1e2f product tag votedown
a5fe28cb0d3ac70036285b2baf888ee0 product tag votedown
a5b67893a7aaf6372daa04a47f610e59 product tag voteup
a5442b68f0225161785a03991ab1557a product tag votedown
a4aa1d9533fe6a52ea51fee212640f07 product tag votedown
a327a931f3410a46d10d9de25f7cda0b product tag votedown
a2b34b189162213da7d94c79f4f139b3 product tag voteup
a298d46cbcadfa9edb17d5c86ee8b0f6 product tag votedown
a2092ae8ede6917a9c7bde2dcf23ecff product tag votedown
a18f2d4a904e31dd7ec6566afe1ed08e product tag votedown
a113288346f8d47ac7da193349175b76 product tag voteup
9f775131f76eab74bfa93dc5a77bd86a product tag voteup
9e1be1ce8ca09b9de3cc9e96fb1e2487 product tag votedown
9de8624929959c25e9b3696df776254f product tag voteup
9d5b7ae9ddda00e0a2e977b18c64e67d product tag voteup
9d2cd7dbd53caf409d4fbabf305229fa product tag voteup
9d1e12b332a219775f2389066e7eb214 product tag voteup
9d1650de7921be52a2702bbacef338e9 product tag votedown
9c0c13a46c44595afc134e2012e990fa product tag votedown
9b8d54a22ce9b7997cebb66c699547f2 product tag votedown
9b1529f1ba4a4a4516572079e993df9a product tag votedown
9aa2bdf542d68eed8847d603a0608b38 product tag voteup
997f087bf530409465c990736f324ed3 product tag votedown
989a2ea061848d91f70e2aae1a91faf2 product tag voteup
9893c2e2999036299875399080e4c89f product tag votedown
97fc94048dd1df1b12f65d29e6bd913c product tag voteup
978065f7e1963b5bd5ffbb78b63d1df7 product tag voteup
977d3e83d61debb8d6cd6856aad9656d product tag voteup
97733bd891425698ec78af8639319282 product tag voteup
973de52af98a23548eb048b618672adf product tag votedown
9724afa1dfe9752d9cbdd5fc4916cd11 product tag votedown
9719259fe366af0178845700758f51be product tag votedown
97051372cc32632dc25d9f8031f59d95 product tag votedown
96e0d6bac1a9176628285e78b42ecc65 product tag voteup
956201bbbdc07065a1bbfb1f661b477c product tag voteup
94ec154c3de1b13c33002f325a7ee603 product tag voteup
947d30f0519716a6b952bb82e674f76c product tag votedown
93f21359a8eff2435e04d7848698f277 product tag votedown
93ef1aab2fa01efa9f93fb487c195dca product tag voteup
92c69198ce441f9de8cd707392e3932b product tag votedown
9355bf7b2a128778d6daa9d5b17f25c2 product tag voteup
92b35ab83d55714ebe6397dc59f3e940 product tag voteup
928c9c20980a8cf954e81eac24a80188 product tag voteup
911768a8ca7b6607027a50242e59a765 product tag votedown
90ecdc2dfb67aa266f8fcb6339637098 product tag votedown
90b6e027ca8a07cdb054097ae7d1116a product tag voteup
9038a5fdf94fe3801f8cc3495441b0ed product tag votedown
9003bfe4ec332a544e8fd23bacd0ceeb product tag votedown
9001d416d0f6e4cc0c28aacec6b89210 product tag voteup
8e8d662910fac96686f00b7089f65c98 product tag votedown
8e2e0adcdcca1f7bb57df268afdc64b6 product tag voteup
8d54462c7e97e0d028e758a754a8a371 product tag voteup
8d065fff7dc4d9d6e1bcf962ed8be50d product tag votedown
6ed255af0020064f4f74a72c4990442d product tag votedown
6c87e30af2d2b30285ee09b6b1f46be3 product tag voteup
701427b73b0ae381da5f1ee4b30efd0c product tag votedown
70cd55707aeda266a75e26b76838402d product tag voteup
70d367703fda0dc11de275426eaffc0d product tag votedown
70d78292f8766e7c23f11d89e5b62352 product tag voteup
7106219923b29ff06ff0ff11d8020aae product tag voteup
7198c335c4e63acf2c772742b85e0481 product tag voteup
72c6fcee5987f6a9b971ce35c2b40381 product tag votedown
73ee307ab2967c704ada8beaf547885d product tag votedown
74276a2da3c6e86a31474e1bda9d8825 product tag voteup
7448f6cac08fbd0aa71fcbf104388036 product tag voteup
8b42f280e3dc80f50d7eeffb2f4064c9 product tag votedown
8b417d624f577b72b17330fca864e710 product tag voteup
8b308e6b72c9b45abdfacd4593060b51 product tag votedown
8b00268d078b40dfe05ea22e0995100e product tag votedown
8af8b6c435cfd19443fe69ab71db57d1 product tag votedown
8a44c2f1c727d6f5e5a3a331adc671a6 product tag voteup
89954707a338b53e847a9b627fd3256b product tag voteup
8990dc3b8e6ab38fb08659850311c123 product tag votedown
8972024432513f42a2300a99c4d0265e product tag votedown
892a3b8c097b3c016f6158bcc084d037 product tag voteup
88f9b05d7b6ad8f190c9162798cc66d8 product tag votedown
889bb5891e03bdc982fbd09e43ee6748 product tag voteup
88733d260e84468f4b2c936e52fafbb8 product tag voteup
875a197c6e656cf8a45b157c2535730e product tag votedown
86f3dd916eb219445568599194922d2f product tag voteup
86f30cfd10f1ebaf8fade7397ba2fc92 product tag votedown
863803cdf1e401b6671beb771a7fc5af product tag voteup
745e4ef9c2a5d9778a970da488bde2d4 product tag votedown
763132465374108f95ad63a09eac29fc product tag voteup
85e37f22f47f1e9e52befcae7c0e420f product tag votedown
858c47f94281fe323ca9709c9c2c08f5 product tag voteup
8b9c5791940b678d42dbb60d6c8c3968 product tag votedown
8c60c460b2e5b86ed17e24a48f1836e3 product tag voteup
8c6046660019b49c6543c3f436d902df product tag votedown
8c3663be327c83af24f1272738b7d93b product tag voteup
8bfe9ea692da18a844c932ce7d0f6131 product tag voteup
84d44f524d3ac75c9f32ef8a816812e0 product tag votedown
84b92846351e0ee52eba4fd36b290765 product tag votedown
8461e2d1882b14776648d5ffd1b9f928 product tag votedown
8446752e4e2ea8e5d9bac709c15ab4f9 product tag votedown
84115296ea71e4fbc6cfd6651c9b41c1 product tag votedown
81ca986382bb8e1c5db470c9ec54e5a2 product tag voteup
8161ee6b0870f35543914de09badc958 product tag votedown
7ff1cf79ee9797f32a4094e9fad9cbd8 product tag votedown
7fe06a451d125a69caeab5998e956889 product tag votedown
7f7505bdf1f37cc0154a04830382f1d4 product tag votedown
7ef3db3fa4b046a552d99b1ba608abc7 product tag voteup
7e7a8e256eefdfa39c805e71d1d46b8f product tag voteup
7e67e967392aed350139132fa5f929d8 product tag voteup
7e492e3587e1870f4f656f3310b1712a product tag voteup
7e42a3aa9b3ec811e80f90309a886350 product tag votedown
7c87e6d362854f85dda89ce11ac8b8aa product tag voteup
7b94c01580b37429615ca7c658ade5cb product tag voteup
7b70737cb1680747446c3628f9d74baf product tag votedown
7b70737cb1680747446c3628f9d74baf product tag votedown
7b0d94a734a05923f51bb03f546caef7 product tag votedown
7b003c83a8ea871f086800e4044948d1 product tag votedown
7a1d887597b2229f45d61464f24cb143 product tag voteup
792e0a027a758c27091a123b01e628d1 product tag voteup
789dbde53e88a808ee7f0fcec874a1cf product tag votedown
78722093dc213b387099d15f8ae01df7 product tag voteup
78439426d42ca4d3cdc706373656e589 product tag votedown
7730d4873bd6b78fb9b3dcffade05b32 product tag voteup
7703bfe537cdfdf3cdbf37062e36eb6d product tag voteup
8579c40dfa656b6becd460727b849507 product tag voteup
